<?xml version="1.0" encoding="UTF-8"?>
<!-- Generated by org.testng.reporters.JUnitReportReporter -->
<testsuite skipped="0" hostname="DESKTOP-33KCOCD" name="com.automation.testrunners.WebTestRunner" tests="1" failures="0" timestamp="28 May 2019 04:25:50 GMT" time="4.218" errors="0">
  <testcase name="feature" time="4.218" classname="com.automation.testrunners.WebTestRunner"/>
</testsuite> <!-- com.automation.testrunners.WebTestRunner -->
